<?xml version="1.0" encoding="UTF-8"?>
<!-- Generated by org.testng.reporters.JUnitReportReporter -->
<testsuite skipped="0" hostname="Pyro-PC" name="LoginPageTest" tests="9" failures="0" timestamp="10 Apr 2017 04:20:11 GMT" time="14.733" errors="0">
  <testcase name="LoginEmptyPassword" time="1.011" classname="LoginPageTest"/>
  <testcase name="NavigateToPage" time="0.020" classname="LoginPageTest"/>
  <testcase name="LoginInvalidUserName" time="1.033" classname="LoginPageTest"/>
  <testcase name="PageFormatting" time="0.415" classname="LoginPageTest"/>
  <testcase name="LoginAccountLock" time="6.883" classname="LoginPageTest"/>
  <testcase name="LoginInvalidPassword" time="1.005" classname="LoginPageTest"/>
  <testcase name="LoginButtonEmptyFields" time="1.291" classname="LoginPageTest"/>
  <testcase name="LoginValid" time="2.034" classname="LoginPageTest"/>
  <testcase name="LoginEmptyUserName" time="1.041" classname="LoginPageTest"/>
</testsuite> <!-- LoginPageTest -->
