<?xml version="1.0" encoding="UTF-8"?>
<!-- Generated by org.testng.reporters.JUnitReportReporter -->
<testsuite skipped="0" hostname="Pyro-PC" name="LoginPageTest" tests="9" failures="0" timestamp="10 Apr 2017 04:30:31 GMT" time="7.436" errors="0">
  <testcase name="LoginEmptyPassword" time="0.577" classname="LoginPageTest"/>
  <testcase name="NavigateToPage" time="0.023" classname="LoginPageTest"/>
  <testcase name="LoginInvalidUserName" time="0.608" classname="LoginPageTest"/>
  <testcase name="PageFormatting" time="0.478" classname="LoginPageTest"/>
  <testcase name="LoginAccountLock" time="3.231" classname="LoginPageTest"/>
  <testcase name="LoginInvalidPassword" time="0.576" classname="LoginPageTest"/>
  <testcase name="LoginButtonEmptyFields" time="0.590" classname="LoginPageTest"/>
  <testcase name="LoginValid" time="0.779" classname="LoginPageTest"/>
  <testcase name="LoginEmptyUserName" time="0.574" classname="LoginPageTest"/>
</testsuite> <!-- LoginPageTest -->
