<?xml version="1.0" encoding="UTF-8"?>
<!-- Generated by org.testng.reporters.JUnitReportReporter -->
<testsuite skipped="0" hostname="Pyro-PC" name="LoginPage" tests="1" failures="0" timestamp="08 Apr 2017 21:18:45 GMT" time="0.005" errors="0">
  <testcase name="temp" time="0.005" classname="LoginPage"/>
</testsuite> <!-- LoginPage -->
